[0mCompiling "target/cljsbuild/public/js/app.js" from ["src/cljs" "src/cljc" "env/dev/cljs"]...[0m
[32mSuccessfully compiled "target/cljsbuild/public/js/app.js" in 1.462 seconds.[0m
notifying browser that file changed:  target/cljsbuild/public/js/out/goog/deps.js
notifying browser that file changed:  target/cljsbuild/public/js/out/cljs_deps.js
notifying browser that file changed:  out/todo/core.js
[0mCompiling "target/cljsbuild/public/js/app.js" from ["src/cljs" "src/cljc" "env/dev/cljs"]...[0m
[31mFailed to compile "target/cljsbuild/public/js/app.js" in 0.408 seconds.[0m
[36m----  Could not Read  src/cljs/todo/core.cljs   line:1  column:1  ----[0m

  [1mEOF while reading, starting at line 1 and column 1[0m

  [33m1[0m  [1m(ns todo.core[0m
  [0m [0m  [33m^--- EOF while reading, starting at line 1 and column 1[0m
  [36m2[0m  [36m    (:require [reagent.core :as reagent :refer [atom]][0m
  [36m3[0m  [36m              [reagent.session :as session][0m
  [36m4[0m  [36m              [secretary.core :as secretary :include-macros true][0m

[36m----  Reader Error : Please see src/cljs/todo/core.cljs  ----[0m
[0mCompiling "target/cljsbuild/public/js/app.js" from ["src/cljs" "src/cljc" "env/dev/cljs"]...[0m
[36m----  Compiler Warning on   src/cljs/todo/core.cljs   line:21  column:1  ----[0m

  [1mtodolist at line 9 is being replaced[0m

  [36m20[0m  [36m;; swap map values[0m
  [33m21[0m  [1m(def todolist (atom {:0 {:item "take out the trash" :status true} :1 {:item "wash the dishes" :status true}}))[0m
  [0m  [0m  [33m^--- todolist at line 9 is being replaced[0m
  [36m22[0m  [36m[0m
  [36m23[0m  [36m;; dereference the atom[0m
  [36m24[0m  [36m@todolist[0m
  [36m25[0m  [36m[0m
  [36m26[0m  [36m;; update an item[0m

[36m----  Compiler Warning : Please see src/cljs/todo/core.cljs  ----[0m
[32mSuccessfully compiled "target/cljsbuild/public/js/app.js" in 1.887 seconds.[0m
notifying browser that file changed:  out/todo/core.js
[0mCompiling "target/cljsbuild/public/js/app.js" from ["src/cljs" "src/cljc" "env/dev/cljs"]...[0m
[32mSuccessfully compiled "target/cljsbuild/public/js/app.js" in 0.658 seconds.[0m
notifying browser that file changed:  out/todo/core.js
[0mCompiling "target/cljsbuild/public/js/app.js" from ["src/cljs" "src/cljc" "env/dev/cljs"]...[0m
[36m----  Compiler Warning on   src/cljs/todo/core.cljs   line:9  column:16  ----[0m

  [1mNo such namespace: r, could not locate r.cljs, r.cljc, or Closure namespace ""[0m

  [36m 5[0m  [36m              [accountant.core :as accountant]))[0m
  [36m 6[0m  [36m[0m
  [36m 7[0m  [36m[0m
  [36m 8[0m  [36m;; swap map values[0m
  [33m 9[0m  [1m(def todolist (r/atom {:0 {:item "take out the trash" :status true} :1 {:item "wash the dishes" :status true}}))[0m
  [0m  [0m  [33m               ^--- No such namespace: r, could not locate r.cljs, r.cljc, or Closure namespace ""[0m
  [36m10[0m  [36m[0m
  [36m11[0m  [36m;; dereference the atom[0m
  [36m12[0m  [36m@todolist[0m
  [36m13[0m  [36m[0m
  [36m14[0m  [36m;; update an item[0m

[36m----  Compiler Warning : Please see src/cljs/todo/core.cljs  ----[0m
[36m----  Compiler Warning on   src/cljs/todo/core.cljs   line:9  column:16  ----[0m

  [1mUse of undeclared Var r/atom[0m

  [36m 5[0m  [36m              [accountant.core :as accountant]))[0m
  [36m 6[0m  [36m[0m
  [36m 7[0m  [36m[0m
  [36m 8[0m  [36m;; swap map values[0m
  [33m 9[0m  [1m(def todolist (r/atom {:0 {:item "take out the trash" :status true} :1 {:item "wash the dishes" :status true}}))[0m
  [0m  [0m  [33m               ^--- Use of undeclared Var r/atom[0m
  [36m10[0m  [36m[0m
  [36m11[0m  [36m;; dereference the atom[0m
  [36m12[0m  [36m@todolist[0m
  [36m13[0m  [36m[0m
  [36m14[0m  [36m;; update an item[0m

[36m----  Compiler Warning : Please see src/cljs/todo/core.cljs  ----[0m
[36m----  Compiler Warning on   src/cljs/todo/core.cljs   line:23  column:15  ----[0m

  [1mUse of undeclared Var todo.core/items[0m

  [36m21[0m  [36m(defn lister [todolist][0m
  [36m22[0m  [36m  [:ul[0m
  [33m23[0m  [1m   (for [item items][0m
  [0m  [0m  [33m              ^--- Use of undeclared Var todo.core/items[0m
  [36m24[0m  [36m     ^{:key item} [:li "Item " item])])[0m
  [36m25[0m  [36m[0m
  [36m26[0m  [36m;; -------------------------[0m
  [36m27[0m  [36m;; Views[0m

[36m----  Compiler Warning : Please see src/cljs/todo/core.cljs  ----[0m
[32mSuccessfully compiled "target/cljsbuild/public/js/app.js" in 0.832 seconds.[0m
notifying browser that file changed:  out/todo/core.js
[0mCompiling "target/cljsbuild/public/js/app.js" from ["src/cljs" "src/cljc" "env/dev/cljs"]...[0m
[36m----  Compiler Warning on   src/cljs/todo/core.cljs   line:23  column:15  ----[0m

  [1mUse of undeclared Var todo.core/items[0m

  [36m21[0m  [36m(defn lister [todolist][0m
  [36m22[0m  [36m  [:ul[0m
  [33m23[0m  [1m   (for [item items][0m
  [0m  [0m  [33m              ^--- Use of undeclared Var todo.core/items[0m
  [36m24[0m  [36m     ^{:key item} [:li "Item " item])])[0m
  [36m25[0m  [36m[0m
  [36m26[0m  [36m;; -------------------------[0m
  [36m27[0m  [36m;; Views[0m

[36m----  Compiler Warning : Please see src/cljs/todo/core.cljs  ----[0m
[32mSuccessfully compiled "target/cljsbuild/public/js/app.js" in 0.578 seconds.[0m
notifying browser that file changed:  out/todo/core.js
[0mCompiling "target/cljsbuild/public/js/app.js" from ["src/cljs" "src/cljc" "env/dev/cljs"]...[0m
[32mSuccessfully compiled "target/cljsbuild/public/js/app.js" in 0.542 seconds.[0m
notifying browser that file changed:  out/todo/core.js
[0mCompiling "target/cljsbuild/public/js/app.js" from ["src/cljs" "src/cljc" "env/dev/cljs"]...[0m
[32mSuccessfully compiled "target/cljsbuild/public/js/app.js" in 0.504 seconds.[0m
notifying browser that file changed:  out/todo/core.js
[0mCompiling "target/cljsbuild/public/js/app.js" from ["src/cljs" "src/cljc" "env/dev/cljs"]...[0m
[32mSuccessfully compiled "target/cljsbuild/public/js/app.js" in 0.491 seconds.[0m
notifying browser that file changed:  out/todo/core.js
[0mCompiling "target/cljsbuild/public/js/app.js" from ["src/cljs" "src/cljc" "env/dev/cljs"]...[0m
[32mSuccessfully compiled "target/cljsbuild/public/js/app.js" in 0.556 seconds.[0m
notifying browser that file changed:  out/todo/core.js
[0mCompiling "target/cljsbuild/public/js/app.js" from ["src/cljs" "src/cljc" "env/dev/cljs"]...[0m
[32mSuccessfully compiled "target/cljsbuild/public/js/app.js" in 0.536 seconds.[0m
notifying browser that file changed:  out/todo/core.js
[0mCompiling "target/cljsbuild/public/js/app.js" from ["src/cljs" "src/cljc" "env/dev/cljs"]...[0m
[32mSuccessfully compiled "target/cljsbuild/public/js/app.js" in 0.479 seconds.[0m
notifying browser that file changed:  out/todo/core.js
[0mCompiling "target/cljsbuild/public/js/app.js" from ["src/cljs" "src/cljc" "env/dev/cljs"]...[0m
[32mSuccessfully compiled "target/cljsbuild/public/js/app.js" in 0.548 seconds.[0m
notifying browser that file changed:  out/todo/core.js
[0mCompiling "target/cljsbuild/public/js/app.js" from ["src/cljs" "src/cljc" "env/dev/cljs"]...[0m
[32mSuccessfully compiled "target/cljsbuild/public/js/app.js" in 0.603 seconds.[0m
notifying browser that file changed:  out/todo/core.js
[0mCompiling "target/cljsbuild/public/js/app.js" from ["src/cljs" "src/cljc" "env/dev/cljs"]...[0m
[36m----  Compiler Warning on   src/cljs/todo/core.cljs   line:23  column:4  ----[0m

  [1mWrong number of args (2) passed to cljs.core/seq[0m

  [36m21[0m  [36m(defn lister [todolist][0m
  [36m22[0m  [36m  [:ul[0m
  [33m23[0m  [1m   (seq todolist[0m
  [0m  [0m  [33m   ^--- Wrong number of args (2) passed to cljs.core/seq[0m
  [36m24[0m  [36m     ^{:key item} [:li "Item " item])])[0m
  [36m25[0m  [36m[0m
  [36m26[0m  [36m;; -------------------------[0m
  [36m27[0m  [36m;; Views[0m

[36m----  Compiler Warning : Please see src/cljs/todo/core.cljs  ----[0m
[36m----  Compiler Warning on   src/cljs/todo/core.cljs   line:24  column:32  ----[0m

  [1mUse of undeclared Var todo.core/item[0m

  [36m21[0m  [36m(defn lister [todolist][0m
  [36m22[0m  [36m  [:ul[0m
  [36m23[0m  [36m   (seq todolist[0m
  [33m24[0m  [1m     ^{:key item} [:li "Item " item])])[0m
  [0m  [0m  [33m                               ^--- Use of undeclared Var todo.core/item[0m
  [36m25[0m  [36m[0m
  [36m26[0m  [36m;; -------------------------[0m
  [36m27[0m  [36m;; Views[0m
  [36m28[0m  [36m[0m
  [36m29[0m  [36m(defn home-page [][0m

[36m----  Compiler Warning : Please see src/cljs/todo/core.cljs  ----[0m
[36m----  Compiler Warning on   src/cljs/todo/core.cljs   line:24  column:13  ----[0m

  [1mUse of undeclared Var todo.core/item[0m

  [36m21[0m  [36m(defn lister [todolist][0m
  [36m22[0m  [36m  [:ul[0m
  [36m23[0m  [36m   (seq todolist[0m
  [33m24[0m  [1m     ^{:key item} [:li "Item " item])])[0m
  [0m  [0m  [33m            ^--- Use of undeclared Var todo.core/item[0m
  [36m25[0m  [36m[0m
  [36m26[0m  [36m;; -------------------------[0m
  [36m27[0m  [36m;; Views[0m
  [36m28[0m  [36m[0m
  [36m29[0m  [36m(defn home-page [][0m

[36m----  Compiler Warning : Please see src/cljs/todo/core.cljs  ----[0m
[32mSuccessfully compiled "target/cljsbuild/public/js/app.js" in 0.545 seconds.[0m
notifying browser that file changed:  out/todo/core.js
[0mCompiling "target/cljsbuild/public/js/app.js" from ["src/cljs" "src/cljc" "env/dev/cljs"]...[0m
[31mFailed to compile "target/cljsbuild/public/js/app.js" in 0.35 seconds.[0m
[36m----  Could not Analyze  src/cljs/todo/core.cljs   line:21  column:1  ----[0m

  [1mUnsupported binding form: (clojure.core/deref todolist)[0m

  [33m21[0m  [1m(defn lister [@todolist][0m
  [0m  [0m  [33m^--- Unsupported binding form: (clojure.core/deref todolist)[0m
  [36m22[0m  [36m  [:ul[0m
  [36m23[0m  [36m   (seq @todolist[0m
  [36m24[0m  [36m     ^{:key item} [:li "Item " item])])[0m

[36m----  Analysis Error : Please see src/cljs/todo/core.cljs  ----[0m
[0mCompiling "target/cljsbuild/public/js/app.js" from ["src/cljs" "src/cljc" "env/dev/cljs"]...[0m
[36m----  Compiler Warning on   src/cljs/todo/core.cljs   line:23  column:4  ----[0m

  [1mWrong number of args (2) passed to cljs.core/seq[0m

  [36m21[0m  [36m(defn lister [][0m
  [36m22[0m  [36m  [:ul[0m
  [33m23[0m  [1m   (seq @todolist[0m
  [0m  [0m  [33m   ^--- Wrong number of args (2) passed to cljs.core/seq[0m
  [36m24[0m  [36m     ^{:key item} [:li "Item " item])])[0m
  [36m25[0m  [36m[0m
  [36m26[0m  [36m;; -------------------------[0m
  [36m27[0m  [36m;; Views[0m

[36m----  Compiler Warning : Please see src/cljs/todo/core.cljs  ----[0m
[36m----  Compiler Warning on   src/cljs/todo/core.cljs   line:24  column:32  ----[0m

  [1mUse of undeclared Var todo.core/item[0m

  [36m21[0m  [36m(defn lister [][0m
  [36m22[0m  [36m  [:ul[0m
  [36m23[0m  [36m   (seq @todolist[0m
  [33m24[0m  [1m     ^{:key item} [:li "Item " item])])[0m
  [0m  [0m  [33m                               ^--- Use of undeclared Var todo.core/item[0m
  [36m25[0m  [36m[0m
  [36m26[0m  [36m;; -------------------------[0m
  [36m27[0m  [36m;; Views[0m
  [36m28[0m  [36m[0m
  [36m29[0m  [36m(defn home-page [][0m

[36m----  Compiler Warning : Please see src/cljs/todo/core.cljs  ----[0m
[36m----  Compiler Warning on   src/cljs/todo/core.cljs   line:24  column:13  ----[0m

  [1mUse of undeclared Var todo.core/item[0m

  [36m21[0m  [36m(defn lister [][0m
  [36m22[0m  [36m  [:ul[0m
  [36m23[0m  [36m   (seq @todolist[0m
  [33m24[0m  [1m     ^{:key item} [:li "Item " item])])[0m
  [0m  [0m  [33m            ^--- Use of undeclared Var todo.core/item[0m
  [36m25[0m  [36m[0m
  [36m26[0m  [36m;; -------------------------[0m
  [36m27[0m  [36m;; Views[0m
  [36m28[0m  [36m[0m
  [36m29[0m  [36m(defn home-page [][0m

[36m----  Compiler Warning : Please see src/cljs/todo/core.cljs  ----[0m
[32mSuccessfully compiled "target/cljsbuild/public/js/app.js" in 0.594 seconds.[0m
notifying browser that file changed:  out/todo/core.js
[0mCompiling "target/cljsbuild/public/js/app.js" from ["src/cljs" "src/cljc" "env/dev/cljs"]...[0m
[32mSuccessfully compiled "target/cljsbuild/public/js/app.js" in 0.494 seconds.[0m
notifying browser that file changed:  out/todo/core.js
[0mCompiling "target/cljsbuild/public/js/app.js" from ["src/cljs" "src/cljc" "env/dev/cljs"]...[0m
[36m----  Compiler Warning on   src/cljs/todo/core.cljs   line:33  column:5  ----[0m

  [1mUse of undeclared Var todo.core/lister[0m

  [36m29[0m  [36m(defn home-page [][0m
  [36m30[0m  [36m  [:div [:h2 "Welcome to todo"][0m
  [36m31[0m  [36m   [:div [:a {:href "/about"} "go to about page"]][0m
  [36m32[0m  [36m   [:div [:input {:placeholder "add a to do item"}]][0m
  [33m33[0m  [1m   [lister]])[0m
  [0m  [0m  [33m    ^--- Use of undeclared Var todo.core/lister[0m
  [36m34[0m  [36m[0m
  [36m35[0m  [36m[0m
  [36m36[0m  [36m[0m
  [36m37[0m  [36m(defn about-page [][0m
  [36m38[0m  [36m  [:div [:h2 "About todo"][0m

[36m----  Compiler Warning : Please see src/cljs/todo/core.cljs  ----[0m
[32mSuccessfully compiled "target/cljsbuild/public/js/app.js" in 0.537 seconds.[0m
notifying browser that file changed:  out/todo/core.js
[0mCompiling "target/cljsbuild/public/js/app.js" from ["src/cljs" "src/cljc" "env/dev/cljs"]...[0m
[32mSuccessfully compiled "target/cljsbuild/public/js/app.js" in 0.572 seconds.[0m
notifying browser that file changed:  out/todo/core.js
[0mCompiling "target/cljsbuild/public/js/app.js" from ["src/cljs" "src/cljc" "env/dev/cljs"]...[0m
[36m----  Compiler Warning on   src/cljs/todo/core.cljs   line:23  column:4  ----[0m

  [1mWrong number of args (2) passed to cljs.core/seq[0m

  [36m21[0m  [36m(defn lister [todolist][0m
  [36m22[0m  [36m  [:ul[0m
  [33m23[0m  [1m   (seq todolist[0m
  [0m  [0m  [33m   ^--- Wrong number of args (2) passed to cljs.core/seq[0m
  [36m24[0m  [36m     ^{:key item} [:li "Item " item])])[0m
  [36m25[0m  [36m[0m
  [36m26[0m  [36m;; -------------------------[0m
  [36m27[0m  [36m;; Views[0m

[36m----  Compiler Warning : Please see src/cljs/todo/core.cljs  ----[0m
[36m----  Compiler Warning on   src/cljs/todo/core.cljs   line:24  column:32  ----[0m

  [1mUse of undeclared Var todo.core/item[0m

  [36m21[0m  [36m(defn lister [todolist][0m
  [36m22[0m  [36m  [:ul[0m
  [36m23[0m  [36m   (seq todolist[0m
  [33m24[0m  [1m     ^{:key item} [:li "Item " item])])[0m
  [0m  [0m  [33m                               ^--- Use of undeclared Var todo.core/item[0m
  [36m25[0m  [36m[0m
  [36m26[0m  [36m;; -------------------------[0m
  [36m27[0m  [36m;; Views[0m
  [36m28[0m  [36m[0m
  [36m29[0m  [36m(defn home-page [][0m

[36m----  Compiler Warning : Please see src/cljs/todo/core.cljs  ----[0m
[36m----  Compiler Warning on   src/cljs/todo/core.cljs   line:24  column:13  ----[0m

  [1mUse of undeclared Var todo.core/item[0m

  [36m21[0m  [36m(defn lister [todolist][0m
  [36m22[0m  [36m  [:ul[0m
  [36m23[0m  [36m   (seq todolist[0m
  [33m24[0m  [1m     ^{:key item} [:li "Item " item])])[0m
  [0m  [0m  [33m            ^--- Use of undeclared Var todo.core/item[0m
  [36m25[0m  [36m[0m
  [36m26[0m  [36m;; -------------------------[0m
  [36m27[0m  [36m;; Views[0m
  [36m28[0m  [36m[0m
  [36m29[0m  [36m(defn home-page [][0m

[36m----  Compiler Warning : Please see src/cljs/todo/core.cljs  ----[0m
[32mSuccessfully compiled "target/cljsbuild/public/js/app.js" in 0.547 seconds.[0m
notifying browser that file changed:  out/todo/core.js
[0mCompiling "target/cljsbuild/public/js/app.js" from ["src/cljs" "src/cljc" "env/dev/cljs"]...[0m
[36m----  Compiler Warning on   src/cljs/todo/core.cljs   line:22  column:4  ----[0m

  [1mUse of undeclared Var todo.core/row[0m

  [36m18[0m  [36m(swap! todolist assoc-in [:2] {:item "make cookies" :status false})[0m
  [36m19[0m  [36m[0m
  [36m20[0m  [36m[0m
  [36m21[0m  [36m(def form-template[0m
  [33m22[0m  [1m  (row "isn't data binding lovely?"[0m
  [0m  [0m  [33m   ^--- Use of undeclared Var todo.core/row[0m
  [36m23[0m  [36m        [:input {:field :checkbox :id :databinding.lovely}]))[0m
  [36m24[0m  [36m[0m
  [36m25[0m  [36m(defn lister [todolist][0m
  [36m26[0m  [36m  [:ul[0m
  [36m27[0m  [36m   (seq todolist[0m

[36m----  Compiler Warning : Please see src/cljs/todo/core.cljs  ----[0m
[36m----  Compiler Warning on   src/cljs/todo/core.cljs   line:27  column:4  ----[0m

  [1mWrong number of args (2) passed to cljs.core/seq[0m

  [36m23[0m  [36m        [:input {:field :checkbox :id :databinding.lovely}]))[0m
  [36m24[0m  [36m[0m
  [36m25[0m  [36m(defn lister [todolist][0m
  [36m26[0m  [36m  [:ul[0m
  [33m27[0m  [1m   (seq todolist[0m
  [0m  [0m  [33m   ^--- Wrong number of args (2) passed to cljs.core/seq[0m
  [36m28[0m  [36m     ^{:key item} [:li "Item " item])])[0m
  [36m29[0m  [36m[0m
  [36m30[0m  [36m;; -------------------------[0m
  [36m31[0m  [36m;; Views[0m

[36m----  Compiler Warning : Please see src/cljs/todo/core.cljs  ----[0m
[36m----  Compiler Warning on   src/cljs/todo/core.cljs   line:28  column:32  ----[0m

  [1mUse of undeclared Var todo.core/item[0m

  [36m25[0m  [36m(defn lister [todolist][0m
  [36m26[0m  [36m  [:ul[0m
  [36m27[0m  [36m   (seq todolist[0m
  [33m28[0m  [1m     ^{:key item} [:li "Item " item])])[0m
  [0m  [0m  [33m                               ^--- Use of undeclared Var todo.core/item[0m
  [36m29[0m  [36m[0m
  [36m30[0m  [36m;; -------------------------[0m
  [36m31[0m  [36m;; Views[0m
  [36m32[0m  [36m[0m
  [36m33[0m  [36m(defn home-page [][0m

[36m----  Compiler Warning : Please see src/cljs/todo/core.cljs  ----[0m
[36m----  Compiler Warning on   src/cljs/todo/core.cljs   line:28  column:13  ----[0m

  [1mUse of undeclared Var todo.core/item[0m

  [36m25[0m  [36m(defn lister [todolist][0m
  [36m26[0m  [36m  [:ul[0m
  [36m27[0m  [36m   (seq todolist[0m
  [33m28[0m  [1m     ^{:key item} [:li "Item " item])])[0m
  [0m  [0m  [33m            ^--- Use of undeclared Var todo.core/item[0m
  [36m29[0m  [36m[0m
  [36m30[0m  [36m;; -------------------------[0m
  [36m31[0m  [36m;; Views[0m
  [36m32[0m  [36m[0m
  [36m33[0m  [36m(defn home-page [][0m

[36m----  Compiler Warning : Please see src/cljs/todo/core.cljs  ----[0m
[32mSuccessfully compiled "target/cljsbuild/public/js/app.js" in 0.613 seconds.[0m
notifying browser that file changed:  out/todo/core.js
[0mCompiling "target/cljsbuild/public/js/app.js" from ["src/cljs" "src/cljc" "env/dev/cljs"]...[0m
[36m----  Compiler Warning on   src/cljs/todo/core.cljs   line:22  column:4  ----[0m

  [1mUse of undeclared Var todo.core/row[0m

  [36m18[0m  [36m(swap! todolist assoc-in [:2] {:item "make cookies" :status false})[0m
  [36m19[0m  [36m[0m
  [36m20[0m  [36m[0m
  [36m21[0m  [36m(def form-template[0m
  [33m22[0m  [1m  (row "isn't data binding lovely?"[0m
  [0m  [0m  [33m   ^--- Use of undeclared Var todo.core/row[0m
  [36m23[0m  [36m        [:input {:field :checkbox :id :databinding.lovely}]))[0m
  [36m24[0m  [36m[0m
  [36m25[0m  [36m(defn lister [todolist][0m
  [36m26[0m  [36m  [:ul[0m
  [36m27[0m  [36m   (seq todolist[0m

[36m----  Compiler Warning : Please see src/cljs/todo/core.cljs  ----[0m
[36m----  Compiler Warning on   src/cljs/todo/core.cljs   line:27  column:4  ----[0m

  [1mWrong number of args (2) passed to cljs.core/seq[0m

  [36m23[0m  [36m        [:input {:field :checkbox :id :databinding.lovely}]))[0m
  [36m24[0m  [36m[0m
  [36m25[0m  [36m(defn lister [todolist][0m
  [36m26[0m  [36m  [:ul[0m
  [33m27[0m  [1m   (seq todolist[0m
  [0m  [0m  [33m   ^--- Wrong number of args (2) passed to cljs.core/seq[0m
  [36m28[0m  [36m     ^{:key item} [:li "Item " item])])[0m
  [36m29[0m  [36m[0m
  [36m30[0m  [36m;; -------------------------[0m
  [36m31[0m  [36m;; Views[0m

[36m----  Compiler Warning : Please see src/cljs/todo/core.cljs  ----[0m
[36m----  Compiler Warning on   src/cljs/todo/core.cljs   line:28  column:32  ----[0m

  [1mUse of undeclared Var todo.core/item[0m

  [36m25[0m  [36m(defn lister [todolist][0m
  [36m26[0m  [36m  [:ul[0m
  [36m27[0m  [36m   (seq todolist[0m
  [33m28[0m  [1m     ^{:key item} [:li "Item " item])])[0m
  [0m  [0m  [33m                               ^--- Use of undeclared Var todo.core/item[0m
  [36m29[0m  [36m[0m
  [36m30[0m  [36m;; -------------------------[0m
  [36m31[0m  [36m;; Views[0m
  [36m32[0m  [36m[0m
  [36m33[0m  [36m(defn home-page [][0m

[36m----  Compiler Warning : Please see src/cljs/todo/core.cljs  ----[0m
[36m----  Compiler Warning on   src/cljs/todo/core.cljs   line:28  column:13  ----[0m

  [1mUse of undeclared Var todo.core/item[0m

  [36m25[0m  [36m(defn lister [todolist][0m
  [36m26[0m  [36m  [:ul[0m
  [36m27[0m  [36m   (seq todolist[0m
  [33m28[0m  [1m     ^{:key item} [:li "Item " item])])[0m
  [0m  [0m  [33m            ^--- Use of undeclared Var todo.core/item[0m
  [36m29[0m  [36m[0m
  [36m30[0m  [36m;; -------------------------[0m
  [36m31[0m  [36m;; Views[0m
  [36m32[0m  [36m[0m
  [36m33[0m  [36m(defn home-page [][0m

[36m----  Compiler Warning : Please see src/cljs/todo/core.cljs  ----[0m
[32mSuccessfully compiled "target/cljsbuild/public/js/app.js" in 0.559 seconds.[0m
notifying browser that file changed:  out/todo/core.js
[0mCompiling "target/cljsbuild/public/js/app.js" from ["src/cljs" "src/cljc" "env/dev/cljs"]...[0m
[36m----  Compiler Warning on   src/cljs/todo/core.cljs   line:21  column:17  ----[0m

  [1mNo such namespace: r, could not locate r.cljs, r.cljc, or Closure namespace ""[0m

  [36m17[0m  [36m;; add a new item[0m
  [36m18[0m  [36m(swap! todolist assoc-in [:2] {:item "make cookies" :status false})[0m
  [36m19[0m  [36m[0m
  [36m20[0m  [36m[0m
  [33m21[0m  [1m(defonce todos (r/atom (sorted-map)))[0m
  [0m  [0m  [33m                ^--- No such namespace: r, could not locate r.cljs, r.cljc, or Closure namespace ""[0m
  [36m22[0m  [36m[0m
  [36m23[0m  [36m(defonce counter (r/atom 0))[0m
  [36m24[0m  [36m[0m
  [36m25[0m  [36m(defn add-todo [text][0m
  [36m26[0m  [36m  (let [id (swap! counter inc)][0m

[36m----  Compiler Warning : Please see src/cljs/todo/core.cljs  ----[0m
[36m----  Compiler Warning on   src/cljs/todo/core.cljs   line:21  column:17  ----[0m

  [1mUse of undeclared Var r/atom[0m

  [36m17[0m  [36m;; add a new item[0m
  [36m18[0m  [36m(swap! todolist assoc-in [:2] {:item "make cookies" :status false})[0m
  [36m19[0m  [36m[0m
  [36m20[0m  [36m[0m
  [33m21[0m  [1m(defonce todos (r/atom (sorted-map)))[0m
  [0m  [0m  [33m                ^--- Use of undeclared Var r/atom[0m
  [36m22[0m  [36m[0m
  [36m23[0m  [36m(defonce counter (r/atom 0))[0m
  [36m24[0m  [36m[0m
  [36m25[0m  [36m(defn add-todo [text][0m
  [36m26[0m  [36m  (let [id (swap! counter inc)][0m

[36m----  Compiler Warning : Please see src/cljs/todo/core.cljs  ----[0m
[36m----  Compiler Warning on   src/cljs/todo/core.cljs   line:23  column:19  ----[0m

  [1mNo such namespace: r, could not locate r.cljs, r.cljc, or Closure namespace ""[0m

  [36m21[0m  [36m(defonce todos (r/atom (sorted-map)))[0m
  [36m22[0m  [36m[0m
  [33m23[0m  [1m(defonce counter (r/atom 0))[0m
  [0m  [0m  [33m                  ^--- No such namespace: r, could not locate r.cljs, r.cljc, or Closure namespace ""[0m
  [36m24[0m  [36m[0m
  [36m25[0m  [36m(defn add-todo [text][0m
  [36m26[0m  [36m  (let [id (swap! counter inc)][0m
  [36m27[0m  [36m    (swap! todos assoc id {:id id :title text :done false})))[0m

[36m----  Compiler Warning : Please see src/cljs/todo/core.cljs  ----[0m
[36m----  Compiler Warning on   src/cljs/todo/core.cljs   line:23  column:19  ----[0m

  [1mUse of undeclared Var r/atom[0m

  [36m21[0m  [36m(defonce todos (r/atom (sorted-map)))[0m
  [36m22[0m  [36m[0m
  [33m23[0m  [1m(defonce counter (r/atom 0))[0m
  [0m  [0m  [33m                  ^--- Use of undeclared Var r/atom[0m
  [36m24[0m  [36m[0m
  [36m25[0m  [36m(defn add-todo [text][0m
  [36m26[0m  [36m  (let [id (swap! counter inc)][0m
  [36m27[0m  [36m    (swap! todos assoc id {:id id :title text :done false})))[0m

[36m----  Compiler Warning : Please see src/cljs/todo/core.cljs  ----[0m
[36m----  Compiler Warning on   src/cljs/todo/core.cljs   line:45  column:14  ----[0m

  [1mNo such namespace: r, could not locate r.cljs, r.cljc, or Closure namespace ""[0m

  [36m41[0m  [36m                (add-todo "Allow any arguments to component functions")[0m
  [36m42[0m  [36m                (complete-all true)))[0m
  [36m43[0m  [36m[0m
  [36m44[0m  [36m(defn todo-input [{:keys [title on-save on-stop]}][0m
  [33m45[0m  [1m  (let [val (r/atom title)[0m
  [0m  [0m  [33m             ^--- No such namespace: r, could not locate r.cljs, r.cljc, or Closure namespace ""[0m
  [36m46[0m  [36m        stop #(do (reset! val "")[0m
  [36m47[0m  [36m                  (if on-stop (on-stop)))[0m
  [36m48[0m  [36m        save #(let [v (-> @val str clojure.string/trim)][0m
  [36m49[0m  [36m                (if-not (empty? v) (on-save v))[0m
  [36m50[0m  [36m                (stop))][0m

[36m----  Compiler Warning : Please see src/cljs/todo/core.cljs  ----[0m
[36m----  Compiler Warning on   src/cljs/todo/core.cljs   line:45  column:14  ----[0m

  [1mUse of undeclared Var r/atom[0m

  [36m41[0m  [36m                (add-todo "Allow any arguments to component functions")[0m
  [36m42[0m  [36m                (complete-all true)))[0m
  [36m43[0m  [36m[0m
  [36m44[0m  [36m(defn todo-input [{:keys [title on-save on-stop]}][0m
  [33m45[0m  [1m  (let [val (r/atom title)[0m
  [0m  [0m  [33m             ^--- Use of undeclared Var r/atom[0m
  [36m46[0m  [36m        stop #(do (reset! val "")[0m
  [36m47[0m  [36m                  (if on-stop (on-stop)))[0m
  [36m48[0m  [36m        save #(let [v (-> @val str clojure.string/trim)][0m
  [36m49[0m  [36m                (if-not (empty? v) (on-save v))[0m
  [36m50[0m  [36m                (stop))][0m

[36m----  Compiler Warning : Please see src/cljs/todo/core.cljs  ----[0m
[36m----  Compiler Warning on   src/cljs/todo/core.cljs   line:62  column:50  ----[0m

  [1mNo such namespace: r, could not locate r.cljs, r.cljc, or Closure namespace ""[0m

  [36m58[0m  [36m                               27 (stop)[0m
  [36m59[0m  [36m                               nil)}])))[0m
  [36m60[0m  [36m[0m
  [36m61[0m  [36m(def todo-edit (with-meta todo-input[0m
  [33m62[0m  [1m                 {:component-did-mount #(.focus (r/dom-node %))}))[0m
  [0m  [0m  [33m                                                 ^--- No such namespace: r, could not locate r.cljs, r.cljc, or Closure namespace ""[0m
  [36m63[0m  [36m[0m
  [36m64[0m  [36m(defn todo-stats [{:keys [filt active done]}][0m
  [36m65[0m  [36m  (let [props-for (fn [name][0m
  [36m66[0m  [36m                    {:class (if (= name @filt) "selected")[0m
  [36m67[0m  [36m                     :on-click #(reset! filt name)})][0m

[36m----  Compiler Warning : Please see src/cljs/todo/core.cljs  ----[0m
[36m----  Compiler Warning on   src/cljs/todo/core.cljs   line:62  column:50  ----[0m

  [1mUse of undeclared Var r/dom-node[0m

  [36m58[0m  [36m                               27 (stop)[0m
  [36m59[0m  [36m                               nil)}])))[0m
  [36m60[0m  [36m[0m
  [36m61[0m  [36m(def todo-edit (with-meta todo-input[0m
  [33m62[0m  [1m                 {:component-did-mount #(.focus (r/dom-node %))}))[0m
  [0m  [0m  [33m                                                 ^--- Use of undeclared Var r/dom-node[0m
  [36m63[0m  [36m[0m
  [36m64[0m  [36m(defn todo-stats [{:keys [filt active done]}][0m
  [36m65[0m  [36m  (let [props-for (fn [name][0m
  [36m66[0m  [36m                    {:class (if (= name @filt) "selected")[0m
  [36m67[0m  [36m                     :on-click #(reset! filt name)})][0m

[36m----  Compiler Warning : Please see src/cljs/todo/core.cljs  ----[0m
[36m----  Compiler Warning on   src/cljs/todo/core.cljs   line:80  column:18  ----[0m

  [1mNo such namespace: r, could not locate r.cljs, r.cljc, or Closure namespace ""[0m

  [36m76[0m  [36m       [:button#clear-completed {:on-click clear-done}[0m
  [36m77[0m  [36m        "Clear completed " done])]))[0m
  [36m78[0m  [36m[0m
  [36m79[0m  [36m(defn todo-item [][0m
  [33m80[0m  [1m  (let [editing (r/atom false)][0m
  [0m  [0m  [33m                 ^--- No such namespace: r, could not locate r.cljs, r.cljc, or Closure namespace ""[0m
  [36m81[0m  [36m    (fn [{:keys [id done title]}][0m
  [36m82[0m  [36m      [:li {:class (str (if done "completed ")[0m
  [36m83[0m  [36m                        (if @editing "editing"))}[0m
  [36m84[0m  [36m       [:div.view[0m
  [36m85[0m  [36m        [:input.toggle {:type "checkbox" :checked done[0m

[36m----  Compiler Warning : Please see src/cljs/todo/core.cljs  ----[0m
[36m----  Compiler Warning on   src/cljs/todo/core.cljs   line:80  column:18  ----[0m

  [1mUse of undeclared Var r/atom[0m

  [36m76[0m  [36m       [:button#clear-completed {:on-click clear-done}[0m
  [36m77[0m  [36m        "Clear completed " done])]))[0m
  [36m78[0m  [36m[0m
  [36m79[0m  [36m(defn todo-item [][0m
  [33m80[0m  [1m  (let [editing (r/atom false)][0m
  [0m  [0m  [33m                 ^--- Use of undeclared Var r/atom[0m
  [36m81[0m  [36m    (fn [{:keys [id done title]}][0m
  [36m82[0m  [36m      [:li {:class (str (if done "completed ")[0m
  [36m83[0m  [36m                        (if @editing "editing"))}[0m
  [36m84[0m  [36m       [:div.view[0m
  [36m85[0m  [36m        [:input.toggle {:type "checkbox" :checked done[0m

[36m----  Compiler Warning : Please see src/cljs/todo/core.cljs  ----[0m
[36m----  Compiler Warning on   src/cljs/todo/core.cljs   line:95  column:15  ----[0m

  [1mNo such namespace: r, could not locate r.cljs, r.cljc, or Closure namespace ""[0m

  [36m 91[0m  [36m                     :on-save #(save id %)[0m
  [36m 92[0m  [36m                     :on-stop #(reset! editing false)}])])))[0m
  [36m 93[0m  [36m[0m
  [36m 94[0m  [36m(defn todo-app [props][0m
  [33m 95[0m  [1m  (let [filt (r/atom :all)][0m
  [0m   [0m  [33m              ^--- No such namespace: r, could not locate r.cljs, r.cljc, or Closure namespace ""[0m
  [36m 96[0m  [36m    (fn [][0m
  [36m 97[0m  [36m      (let [items (vals @todos)[0m
  [36m 98[0m  [36m            done (->> items (filter :done) count)[0m
  [36m 99[0m  [36m            active (- (count items) done)][0m
  [36m100[0m  [36m        [:div[0m

[36m----  Compiler Warning : Please see src/cljs/todo/core.cljs  ----[0m
[36m----  Compiler Warning on   src/cljs/todo/core.cljs   line:95  column:15  ----[0m

  [1mUse of undeclared Var r/atom[0m

  [36m 91[0m  [36m                     :on-save #(save id %)[0m
  [36m 92[0m  [36m                     :on-stop #(reset! editing false)}])])))[0m
  [36m 93[0m  [36m[0m
  [36m 94[0m  [36m(defn todo-app [props][0m
  [33m 95[0m  [1m  (let [filt (r/atom :all)][0m
  [0m   [0m  [33m              ^--- Use of undeclared Var r/atom[0m
  [36m 96[0m  [36m    (fn [][0m
  [36m 97[0m  [36m      (let [items (vals @todos)[0m
  [36m 98[0m  [36m            done (->> items (filter :done) count)[0m
  [36m 99[0m  [36m            active (- (count items) done)][0m
  [36m100[0m  [36m        [:div[0m

[36m----  Compiler Warning : Please see src/cljs/todo/core.cljs  ----[0m
[32mSuccessfully compiled "target/cljsbuild/public/js/app.js" in 0.841 seconds.[0m
notifying browser that file changed:  out/todo/core.js
[0mCompiling "target/cljsbuild/public/js/app.js" from ["src/cljs" "src/cljc" "env/dev/cljs"]...[0m
[36m----  Compiler Warning on   src/cljs/todo/core.cljs   line:21  column:17  ----[0m

  [1mNo such namespace: r, could not locate r.cljs, r.cljc, or Closure namespace ""[0m

  [36m17[0m  [36m;; add a new item[0m
  [36m18[0m  [36m(swap! todolist assoc-in [:2] {:item "make cookies" :status false})[0m
  [36m19[0m  [36m[0m
  [36m20[0m  [36m[0m
  [33m21[0m  [1m(defonce todos (r/atom (sorted-map)))[0m
  [0m  [0m  [33m                ^--- No such namespace: r, could not locate r.cljs, r.cljc, or Closure namespace ""[0m
  [36m22[0m  [36m[0m
  [36m23[0m  [36m(defonce counter (r/atom 0))[0m
  [36m24[0m  [36m[0m
  [36m25[0m  [36m(defn add-todo [text][0m
  [36m26[0m  [36m  (let [id (swap! counter inc)][0m

[36m----  Compiler Warning : Please see src/cljs/todo/core.cljs  ----[0m
[36m----  Compiler Warning on   src/cljs/todo/core.cljs   line:21  column:17  ----[0m

  [1mUse of undeclared Var r/atom[0m

  [36m17[0m  [36m;; add a new item[0m
  [36m18[0m  [36m(swap! todolist assoc-in [:2] {:item "make cookies" :status false})[0m
  [36m19[0m  [36m[0m
  [36m20[0m  [36m[0m
  [33m21[0m  [1m(defonce todos (r/atom (sorted-map)))[0m
  [0m  [0m  [33m                ^--- Use of undeclared Var r/atom[0m
  [36m22[0m  [36m[0m
  [36m23[0m  [36m(defonce counter (r/atom 0))[0m
  [36m24[0m  [36m[0m
  [36m25[0m  [36m(defn add-todo [text][0m
  [36m26[0m  [36m  (let [id (swap! counter inc)][0m

[36m----  Compiler Warning : Please see src/cljs/todo/core.cljs  ----[0m
[36m----  Compiler Warning on   src/cljs/todo/core.cljs   line:23  column:19  ----[0m

  [1mNo such namespace: r, could not locate r.cljs, r.cljc, or Closure namespace ""[0m

  [36m21[0m  [36m(defonce todos (r/atom (sorted-map)))[0m
  [36m22[0m  [36m[0m
  [33m23[0m  [1m(defonce counter (r/atom 0))[0m
  [0m  [0m  [33m                  ^--- No such namespace: r, could not locate r.cljs, r.cljc, or Closure namespace ""[0m
  [36m24[0m  [36m[0m
  [36m25[0m  [36m(defn add-todo [text][0m
  [36m26[0m  [36m  (let [id (swap! counter inc)][0m
  [36m27[0m  [36m    (swap! todos assoc id {:id id :title text :done false})))[0m

[36m----  Compiler Warning : Please see src/cljs/todo/core.cljs  ----[0m
[36m----  Compiler Warning on   src/cljs/todo/core.cljs   line:23  column:19  ----[0m

  [1mUse of undeclared Var r/atom[0m

  [36m21[0m  [36m(defonce todos (r/atom (sorted-map)))[0m
  [36m22[0m  [36m[0m
  [33m23[0m  [1m(defonce counter (r/atom 0))[0m
  [0m  [0m  [33m                  ^--- Use of undeclared Var r/atom[0m
  [36m24[0m  [36m[0m
  [36m25[0m  [36m(defn add-todo [text][0m
  [36m26[0m  [36m  (let [id (swap! counter inc)][0m
  [36m27[0m  [36m    (swap! todos assoc id {:id id :title text :done false})))[0m

[36m----  Compiler Warning : Please see src/cljs/todo/core.cljs  ----[0m
[36m----  Compiler Warning on   src/cljs/todo/core.cljs   line:45  column:14  ----[0m

  [1mNo such namespace: r, could not locate r.cljs, r.cljc, or Closure namespace ""[0m

  [36m41[0m  [36m                (add-todo "Allow any arguments to component functions")[0m
  [36m42[0m  [36m                (complete-all true)))[0m
  [36m43[0m  [36m[0m
  [36m44[0m  [36m(defn todo-input [{:keys [title on-save on-stop]}][0m
  [33m45[0m  [1m  (let [val (r/atom title)[0m
  [0m  [0m  [33m             ^--- No such namespace: r, could not locate r.cljs, r.cljc, or Closure namespace ""[0m
  [36m46[0m  [36m        stop #(do (reset! val "")[0m
  [36m47[0m  [36m                  (if on-stop (on-stop)))[0m
  [36m48[0m  [36m        save #(let [v (-> @val str clojure.string/trim)][0m
  [36m49[0m  [36m                (if-not (empty? v) (on-save v))[0m
  [36m50[0m  [36m                (stop))][0m

[36m----  Compiler Warning : Please see src/cljs/todo/core.cljs  ----[0m
[36m----  Compiler Warning on   src/cljs/todo/core.cljs   line:45  column:14  ----[0m

  [1mUse of undeclared Var r/atom[0m

  [36m41[0m  [36m                (add-todo "Allow any arguments to component functions")[0m
  [36m42[0m  [36m                (complete-all true)))[0m
  [36m43[0m  [36m[0m
  [36m44[0m  [36m(defn todo-input [{:keys [title on-save on-stop]}][0m
  [33m45[0m  [1m  (let [val (r/atom title)[0m
  [0m  [0m  [33m             ^--- Use of undeclared Var r/atom[0m
  [36m46[0m  [36m        stop #(do (reset! val "")[0m
  [36m47[0m  [36m                  (if on-stop (on-stop)))[0m
  [36m48[0m  [36m        save #(let [v (-> @val str clojure.string/trim)][0m
  [36m49[0m  [36m                (if-not (empty? v) (on-save v))[0m
  [36m50[0m  [36m                (stop))][0m

[36m----  Compiler Warning : Please see src/cljs/todo/core.cljs  ----[0m
[36m----  Compiler Warning on   src/cljs/todo/core.cljs   line:62  column:50  ----[0m

  [1mNo such namespace: r, could not locate r.cljs, r.cljc, or Closure namespace ""[0m

  [36m58[0m  [36m                               27 (stop)[0m
  [36m59[0m  [36m                               nil)}])))[0m
  [36m60[0m  [36m[0m
  [36m61[0m  [36m(def todo-edit (with-meta todo-input[0m
  [33m62[0m  [1m                 {:component-did-mount #(.focus (r/dom-node %))}))[0m
  [0m  [0m  [33m                                                 ^--- No such namespace: r, could not locate r.cljs, r.cljc, or Closure namespace ""[0m
  [36m63[0m  [36m[0m
  [36m64[0m  [36m(defn todo-stats [{:keys [filt active done]}][0m
  [36m65[0m  [36m  (let [props-for (fn [name][0m
  [36m66[0m  [36m                    {:class (if (= name @filt) "selected")[0m
  [36m67[0m  [36m                     :on-click #(reset! filt name)})][0m

[36m----  Compiler Warning : Please see src/cljs/todo/core.cljs  ----[0m
[36m----  Compiler Warning on   src/cljs/todo/core.cljs   line:62  column:50  ----[0m

  [1mUse of undeclared Var r/dom-node[0m

  [36m58[0m  [36m                               27 (stop)[0m
  [36m59[0m  [36m                               nil)}])))[0m
  [36m60[0m  [36m[0m
  [36m61[0m  [36m(def todo-edit (with-meta todo-input[0m
  [33m62[0m  [1m                 {:component-did-mount #(.focus (r/dom-node %))}))[0m
  [0m  [0m  [33m                                                 ^--- Use of undeclared Var r/dom-node[0m
  [36m63[0m  [36m[0m
  [36m64[0m  [36m(defn todo-stats [{:keys [filt active done]}][0m
  [36m65[0m  [36m  (let [props-for (fn [name][0m
  [36m66[0m  [36m                    {:class (if (= name @filt) "selected")[0m
  [36m67[0m  [36m                     :on-click #(reset! filt name)})][0m

[36m----  Compiler Warning : Please see src/cljs/todo/core.cljs  ----[0m
[36m----  Compiler Warning on   src/cljs/todo/core.cljs   line:80  column:18  ----[0m

  [1mNo such namespace: r, could not locate r.cljs, r.cljc, or Closure namespace ""[0m

  [36m76[0m  [36m       [:button#clear-completed {:on-click clear-done}[0m
  [36m77[0m  [36m        "Clear completed " done])]))[0m
  [36m78[0m  [36m[0m
  [36m79[0m  [36m(defn todo-item [][0m
  [33m80[0m  [1m  (let [editing (r/atom false)][0m
  [0m  [0m  [33m                 ^--- No such namespace: r, could not locate r.cljs, r.cljc, or Closure namespace ""[0m
  [36m81[0m  [36m    (fn [{:keys [id done title]}][0m
  [36m82[0m  [36m      [:li {:class (str (if done "completed ")[0m
  [36m83[0m  [36m                        (if @editing "editing"))}[0m
  [36m84[0m  [36m       [:div.view[0m
  [36m85[0m  [36m        [:input.toggle {:type "checkbox" :checked done[0m

[36m----  Compiler Warning : Please see src/cljs/todo/core.cljs  ----[0m
[36m----  Compiler Warning on   src/cljs/todo/core.cljs   line:80  column:18  ----[0m

  [1mUse of undeclared Var r/atom[0m

  [36m76[0m  [36m       [:button#clear-completed {:on-click clear-done}[0m
  [36m77[0m  [36m        "Clear completed " done])]))[0m
  [36m78[0m  [36m[0m
  [36m79[0m  [36m(defn todo-item [][0m
  [33m80[0m  [1m  (let [editing (r/atom false)][0m
  [0m  [0m  [33m                 ^--- Use of undeclared Var r/atom[0m
  [36m81[0m  [36m    (fn [{:keys [id done title]}][0m
  [36m82[0m  [36m      [:li {:class (str (if done "completed ")[0m
  [36m83[0m  [36m                        (if @editing "editing"))}[0m
  [36m84[0m  [36m       [:div.view[0m
  [36m85[0m  [36m        [:input.toggle {:type "checkbox" :checked done[0m

[36m----  Compiler Warning : Please see src/cljs/todo/core.cljs  ----[0m
[32mSuccessfully compiled "target/cljsbuild/public/js/app.js" in 0.836 seconds.[0m
notifying browser that file changed:  out/todo/core.js
[0mCompiling "target/cljsbuild/public/js/app.js" from ["src/cljs" "src/cljc" "env/dev/cljs"]...[0m
[36m----  Compiler Warning on   src/cljs/todo/core.cljs   line:62  column:50  ----[0m

  [1mNo such namespace: r, could not locate r.cljs, r.cljc, or Closure namespace ""[0m

  [36m58[0m  [36m                               27 (stop)[0m
  [36m59[0m  [36m                               nil)}])))[0m
  [36m60[0m  [36m[0m
  [36m61[0m  [36m(def todo-edit (with-meta todo-input[0m
  [33m62[0m  [1m                 {:component-did-mount #(.focus (r/dom-node %))}))[0m
  [0m  [0m  [33m                                                 ^--- No such namespace: r, could not locate r.cljs, r.cljc, or Closure namespace ""[0m
  [36m63[0m  [36m[0m
  [36m64[0m  [36m(defn todo-stats [{:keys [filt active done]}][0m
  [36m65[0m  [36m  (let [props-for (fn [name][0m
  [36m66[0m  [36m                    {:class (if (= name @filt) "selected")[0m
  [36m67[0m  [36m                     :on-click #(reset! filt name)})][0m

[36m----  Compiler Warning : Please see src/cljs/todo/core.cljs  ----[0m
[36m----  Compiler Warning on   src/cljs/todo/core.cljs   line:62  column:50  ----[0m

  [1mUse of undeclared Var r/dom-node[0m

  [36m58[0m  [36m                               27 (stop)[0m
  [36m59[0m  [36m                               nil)}])))[0m
  [36m60[0m  [36m[0m
  [36m61[0m  [36m(def todo-edit (with-meta todo-input[0m
  [33m62[0m  [1m                 {:component-did-mount #(.focus (r/dom-node %))}))[0m
  [0m  [0m  [33m                                                 ^--- Use of undeclared Var r/dom-node[0m
  [36m63[0m  [36m[0m
  [36m64[0m  [36m(defn todo-stats [{:keys [filt active done]}][0m
  [36m65[0m  [36m  (let [props-for (fn [name][0m
  [36m66[0m  [36m                    {:class (if (= name @filt) "selected")[0m
  [36m67[0m  [36m                     :on-click #(reset! filt name)})][0m

[36m----  Compiler Warning : Please see src/cljs/todo/core.cljs  ----[0m
[32mSuccessfully compiled "target/cljsbuild/public/js/app.js" in 0.672 seconds.[0m
notifying browser that file changed:  out/todo/core.js
[0mCompiling "target/cljsbuild/public/js/app.js" from ["src/cljs" "src/cljc" "env/dev/cljs"]...[0m
[36m----  Compiler Warning on   src/cljs/todo/core.cljs   line:62  column:50  ----[0m

  [1mUse of undeclared Var todo.core/dom-node[0m

  [36m58[0m  [36m                               27 (stop)[0m
  [36m59[0m  [36m                               nil)}])))[0m
  [36m60[0m  [36m[0m
  [36m61[0m  [36m(def todo-edit (with-meta todo-input[0m
  [33m62[0m  [1m                 {:component-did-mount #(.focus (dom-node %))}))[0m
  [0m  [0m  [33m                                                 ^--- Use of undeclared Var todo.core/dom-node[0m
  [36m63[0m  [36m[0m
  [36m64[0m  [36m(defn todo-stats [{:keys [filt active done]}][0m
  [36m65[0m  [36m  (let [props-for (fn [name][0m
  [36m66[0m  [36m                    {:class (if (= name @filt) "selected")[0m
  [36m67[0m  [36m                     :on-click #(reset! filt name)})][0m

[36m----  Compiler Warning : Please see src/cljs/todo/core.cljs  ----[0m
[32mSuccessfully compiled "target/cljsbuild/public/js/app.js" in 0.714 seconds.[0m
notifying browser that file changed:  out/todo/core.js
[0mCompiling "target/cljsbuild/public/js/app.js" from ["src/cljs" "src/cljc" "env/dev/cljs"]...[0m
[36m----  Compiler Warning on   src/cljs/todo/core.cljs   line:21  column:17  ----[0m

  [1mNo such namespace: r, could not locate r.cljs, r.cljc, or Closure namespace ""[0m

  [36m17[0m  [36m;; add a new item[0m
  [36m18[0m  [36m(swap! todolist assoc-in [:2] {:item "make cookies" :status false})[0m
  [36m19[0m  [36m[0m
  [36m20[0m  [36m[0m
  [33m21[0m  [1m(defonce todos (r/atom (sorted-map)))[0m
  [0m  [0m  [33m                ^--- No such namespace: r, could not locate r.cljs, r.cljc, or Closure namespace ""[0m
  [36m22[0m  [36m[0m
  [36m23[0m  [36m(defonce counter (r/atom 0))[0m
  [36m24[0m  [36m[0m
  [36m25[0m  [36m(defn add-todo [text][0m
  [36m26[0m  [36m  (let [id (swap! counter inc)][0m

[36m----  Compiler Warning : Please see src/cljs/todo/core.cljs  ----[0m
[36m----  Compiler Warning on   src/cljs/todo/core.cljs   line:21  column:17  ----[0m

  [1mUse of undeclared Var r/atom[0m

  [36m17[0m  [36m;; add a new item[0m
  [36m18[0m  [36m(swap! todolist assoc-in [:2] {:item "make cookies" :status false})[0m
  [36m19[0m  [36m[0m
  [36m20[0m  [36m[0m
  [33m21[0m  [1m(defonce todos (r/atom (sorted-map)))[0m
  [0m  [0m  [33m                ^--- Use of undeclared Var r/atom[0m
  [36m22[0m  [36m[0m
  [36m23[0m  [36m(defonce counter (r/atom 0))[0m
  [36m24[0m  [36m[0m
  [36m25[0m  [36m(defn add-todo [text][0m
  [36m26[0m  [36m  (let [id (swap! counter inc)][0m

[36m----  Compiler Warning : Please see src/cljs/todo/core.cljs  ----[0m
[36m----  Compiler Warning on   src/cljs/todo/core.cljs   line:23  column:19  ----[0m

  [1mNo such namespace: r, could not locate r.cljs, r.cljc, or Closure namespace ""[0m

  [36m21[0m  [36m(defonce todos (r/atom (sorted-map)))[0m
  [36m22[0m  [36m[0m
  [33m23[0m  [1m(defonce counter (r/atom 0))[0m
  [0m  [0m  [33m                  ^--- No such namespace: r, could not locate r.cljs, r.cljc, or Closure namespace ""[0m
  [36m24[0m  [36m[0m
  [36m25[0m  [36m(defn add-todo [text][0m
  [36m26[0m  [36m  (let [id (swap! counter inc)][0m
  [36m27[0m  [36m    (swap! todos assoc id {:id id :title text :done false})))[0m

[36m----  Compiler Warning : Please see src/cljs/todo/core.cljs  ----[0m
[36m----  Compiler Warning on   src/cljs/todo/core.cljs   line:23  column:19  ----[0m

  [1mUse of undeclared Var r/atom[0m

  [36m21[0m  [36m(defonce todos (r/atom (sorted-map)))[0m
  [36m22[0m  [36m[0m
  [33m23[0m  [1m(defonce counter (r/atom 0))[0m
  [0m  [0m  [33m                  ^--- Use of undeclared Var r/atom[0m
  [36m24[0m  [36m[0m
  [36m25[0m  [36m(defn add-todo [text][0m
  [36m26[0m  [36m  (let [id (swap! counter inc)][0m
  [36m27[0m  [36m    (swap! todos assoc id {:id id :title text :done false})))[0m

[36m----  Compiler Warning : Please see src/cljs/todo/core.cljs  ----[0m
[36m----  Compiler Warning on   src/cljs/todo/core.cljs   line:45  column:14  ----[0m

  [1mNo such namespace: r, could not locate r.cljs, r.cljc, or Closure namespace ""[0m

  [36m41[0m  [36m                (add-todo "Allow any arguments to component functions")[0m
  [36m42[0m  [36m                (complete-all true)))[0m
  [36m43[0m  [36m[0m
  [36m44[0m  [36m(defn todo-input [{:keys [title on-save on-stop]}][0m
  [33m45[0m  [1m  (let [val (r/atom title)[0m
  [0m  [0m  [33m             ^--- No such namespace: r, could not locate r.cljs, r.cljc, or Closure namespace ""[0m
  [36m46[0m  [36m        stop #(do (reset! val "")[0m
  [36m47[0m  [36m                  (if on-stop (on-stop)))[0m
  [36m48[0m  [36m        save #(let [v (-> @val str clojure.string/trim)][0m
  [36m49[0m  [36m                (if-not (empty? v) (on-save v))[0m
  [36m50[0m  [36m                (stop))][0m

[36m----  Compiler Warning : Please see src/cljs/todo/core.cljs  ----[0m
[36m----  Compiler Warning on   src/cljs/todo/core.cljs   line:45  column:14  ----[0m

  [1mUse of undeclared Var r/atom[0m

  [36m41[0m  [36m                (add-todo "Allow any arguments to component functions")[0m
  [36m42[0m  [36m                (complete-all true)))[0m
  [36m43[0m  [36m[0m
  [36m44[0m  [36m(defn todo-input [{:keys [title on-save on-stop]}][0m
  [33m45[0m  [1m  (let [val (r/atom title)[0m
  [0m  [0m  [33m             ^--- Use of undeclared Var r/atom[0m
  [36m46[0m  [36m        stop #(do (reset! val "")[0m
  [36m47[0m  [36m                  (if on-stop (on-stop)))[0m
  [36m48[0m  [36m        save #(let [v (-> @val str clojure.string/trim)][0m
  [36m49[0m  [36m                (if-not (empty? v) (on-save v))[0m
  [36m50[0m  [36m                (stop))][0m

[36m----  Compiler Warning : Please see src/cljs/todo/core.cljs  ----[0m
[36m----  Compiler Warning on   src/cljs/todo/core.cljs   line:62  column:50  ----[0m

  [1mNo such namespace: r, could not locate r.cljs, r.cljc, or Closure namespace ""[0m

  [36m58[0m  [36m                               27 (stop)[0m
  [36m59[0m  [36m                               nil)}])))[0m
  [36m60[0m  [36m[0m
  [36m61[0m  [36m(def todo-edit (with-meta todo-input[0m
  [33m62[0m  [1m                 {:component-did-mount #(.focus (r/dom-node %))}))[0m
  [0m  [0m  [33m                                                 ^--- No such namespace: r, could not locate r.cljs, r.cljc, or Closure namespace ""[0m
  [36m63[0m  [36m[0m
  [36m64[0m  [36m(defn todo-stats [{:keys [filt active done]}][0m
  [36m65[0m  [36m  (let [props-for (fn [name][0m
  [36m66[0m  [36m                    {:class (if (= name @filt) "selected")[0m
  [36m67[0m  [36m                     :on-click #(reset! filt name)})][0m

[36m----  Compiler Warning : Please see src/cljs/todo/core.cljs  ----[0m
[36m----  Compiler Warning on   src/cljs/todo/core.cljs   line:62  column:50  ----[0m

  [1mUse of undeclared Var r/dom-node[0m

  [36m58[0m  [36m                               27 (stop)[0m
  [36m59[0m  [36m                               nil)}])))[0m
  [36m60[0m  [36m[0m
  [36m61[0m  [36m(def todo-edit (with-meta todo-input[0m
  [33m62[0m  [1m                 {:component-did-mount #(.focus (r/dom-node %))}))[0m
  [0m  [0m  [33m                                                 ^--- Use of undeclared Var r/dom-node[0m
  [36m63[0m  [36m[0m
  [36m64[0m  [36m(defn todo-stats [{:keys [filt active done]}][0m
  [36m65[0m  [36m  (let [props-for (fn [name][0m
  [36m66[0m  [36m                    {:class (if (= name @filt) "selected")[0m
  [36m67[0m  [36m                     :on-click #(reset! filt name)})][0m

[36m----  Compiler Warning : Please see src/cljs/todo/core.cljs  ----[0m
[36m----  Compiler Warning on   src/cljs/todo/core.cljs   line:80  column:18  ----[0m

  [1mNo such namespace: r, could not locate r.cljs, r.cljc, or Closure namespace ""[0m

  [36m76[0m  [36m       [:button#clear-completed {:on-click clear-done}[0m
  [36m77[0m  [36m        "Clear completed " done])]))[0m
  [36m78[0m  [36m[0m
  [36m79[0m  [36m(defn todo-item [][0m
  [33m80[0m  [1m  (let [editing (r/atom false)][0m
  [0m  [0m  [33m                 ^--- No such namespace: r, could not locate r.cljs, r.cljc, or Closure namespace ""[0m
  [36m81[0m  [36m    (fn [{:keys [id done title]}][0m
  [36m82[0m  [36m      [:li {:class (str (if done "completed ")[0m
  [36m83[0m  [36m                        (if @editing "editing"))}[0m
  [36m84[0m  [36m       [:div.view[0m
  [36m85[0m  [36m        [:input.toggle {:type "checkbox" :checked done[0m

[36m----  Compiler Warning : Please see src/cljs/todo/core.cljs  ----[0m
[36m----  Compiler Warning on   src/cljs/todo/core.cljs   line:80  column:18  ----[0m

  [1mUse of undeclared Var r/atom[0m

  [36m76[0m  [36m       [:button#clear-completed {:on-click clear-done}[0m
  [36m77[0m  [36m        "Clear completed " done])]))[0m
  [36m78[0m  [36m[0m
  [36m79[0m  [36m(defn todo-item [][0m
  [33m80[0m  [1m  (let [editing (r/atom false)][0m
  [0m  [0m  [33m                 ^--- Use of undeclared Var r/atom[0m
  [36m81[0m  [36m    (fn [{:keys [id done title]}][0m
  [36m82[0m  [36m      [:li {:class (str (if done "completed ")[0m
  [36m83[0m  [36m                        (if @editing "editing"))}[0m
  [36m84[0m  [36m       [:div.view[0m
  [36m85[0m  [36m        [:input.toggle {:type "checkbox" :checked done[0m

[36m----  Compiler Warning : Please see src/cljs/todo/core.cljs  ----[0m
[36m----  Compiler Warning on   src/cljs/todo/core.cljs   line:95  column:15  ----[0m

  [1mNo such namespace: r, could not locate r.cljs, r.cljc, or Closure namespace ""[0m

  [36m 91[0m  [36m                     :on-save #(save id %)[0m
  [36m 92[0m  [36m                     :on-stop #(reset! editing false)}])])))[0m
  [36m 93[0m  [36m[0m
  [36m 94[0m  [36m(defn todo-app [props][0m
  [33m 95[0m  [1m  (let [filt (r/atom :all)][0m
  [0m   [0m  [33m              ^--- No such namespace: r, could not locate r.cljs, r.cljc, or Closure namespace ""[0m
  [36m 96[0m  [36m    (fn [][0m
  [36m 97[0m  [36m      (let [items (vals @todos)[0m
  [36m 98[0m  [36m            done (->> items (filter :done) count)[0m
  [36m 99[0m  [36m            active (- (count items) done)][0m
  [36m100[0m  [36m        [:div[0m

[36m----  Compiler Warning : Please see src/cljs/todo/core.cljs  ----[0m
[36m----  Compiler Warning on   src/cljs/todo/core.cljs   line:95  column:15  ----[0m

  [1mUse of undeclared Var r/atom[0m

  [36m 91[0m  [36m                     :on-save #(save id %)[0m
  [36m 92[0m  [36m                     :on-stop #(reset! editing false)}])])))[0m
  [36m 93[0m  [36m[0m
  [36m 94[0m  [36m(defn todo-app [props][0m
  [33m 95[0m  [1m  (let [filt (r/atom :all)][0m
  [0m   [0m  [33m              ^--- Use of undeclared Var r/atom[0m
  [36m 96[0m  [36m    (fn [][0m
  [36m 97[0m  [36m      (let [items (vals @todos)[0m
  [36m 98[0m  [36m            done (->> items (filter :done) count)[0m
  [36m 99[0m  [36m            active (- (count items) done)][0m
  [36m100[0m  [36m        [:div[0m

[36m----  Compiler Warning : Please see src/cljs/todo/core.cljs  ----[0m
[32mSuccessfully compiled "target/cljsbuild/public/js/app.js" in 1.031 seconds.[0m
notifying browser that file changed:  out/todo/core.js
[0mCompiling "target/cljsbuild/public/js/app.js" from ["src/cljs" "src/cljc" "env/dev/cljs"]...[0m
[32mSuccessfully compiled "target/cljsbuild/public/js/app.js" in 0.67 seconds.[0m
notifying browser that file changed:  out/todo/core.js
[0mCompiling "target/cljsbuild/public/js/app.js" from ["src/cljs" "src/cljc" "env/dev/cljs"]...[0m
[32mSuccessfully compiled "target/cljsbuild/public/js/app.js" in 0.658 seconds.[0m
notifying browser that file changed:  out/todo/core.js
[0mCompiling "target/cljsbuild/public/js/app.js" from ["src/cljs" "src/cljc" "env/dev/cljs"]...[0m
[32mSuccessfully compiled "target/cljsbuild/public/js/app.js" in 0.749 seconds.[0m
notifying browser that file changed:  out/todo/core.js
[0mCompiling "target/cljsbuild/public/js/app.js" from ["src/cljs" "src/cljc" "env/dev/cljs"]...[0m
[32mSuccessfully compiled "target/cljsbuild/public/js/app.js" in 0.619 seconds.[0m
notifying browser that file changed:  out/todo/core.js
